\BOOKMARK [1][-]{Doc-Start}{\376\377\000B\000a\000c\000k\000g\000r\000o\000u\000n\000d\000\040\000a\000n\000d\000\040\000P\000r\000o\000b\000l\000e\000m\000\040\000S\000t\000a\000t\000e\000m\000e\000n\000t}{}% 1
\BOOKMARK [1][-]{section.1}{\376\377\000T\000h\000e\000\040\000E\000p\000i\000s\000t\000e\000m\000o\000l\000o\000g\000i\000c\000a\000l\000\040\000P\000r\000o\000b\000l\000e\000m}{}% 2
\BOOKMARK [1][-]{section.1}{\376\377\000T\000h\000e\000\040\000E\000p\000i\000s\000t\000e\000m\000o\000l\000o\000g\000i\000c\000a\000l\000\040\000P\000r\000o\000b\000l\000e\000m}{}% 3
\BOOKMARK [1][-]{section.2}{\376\377\000W\000h\000a\000t\000\040\000T\000o\000d\000a\000y\000'\000s\000\040\000A\000I\000\040\000S\000y\000s\000t\000e\000m\000s\000\040\000A\000l\000r\000e\000a\000d\000y\000\040\000S\000h\000o\000w}{}% 4
\BOOKMARK [1][-]{section.2}{\376\377\000W\000h\000a\000t\000\040\000T\000o\000d\000a\000y\000'\000s\000\040\000A\000I\000\040\000S\000y\000s\000t\000e\000m\000s\000\040\000A\000l\000r\000e\000a\000d\000y\000\040\000S\000h\000o\000w}{}% 5
\BOOKMARK [1][-]{section.3}{\376\377\000C\000r\000i\000t\000e\000r\000i\000a\000\040\000f\000o\000r\000\040\000P\000r\000o\000t\000e\000c\000t\000i\000o\000n\000-\000W\000o\000r\000t\000h\000i\000n\000e\000s\000s}{}% 6
\BOOKMARK [1][-]{section.3}{\376\377\000C\000r\000i\000t\000e\000r\000i\000a\000\040\000f\000o\000r\000\040\000P\000r\000o\000t\000e\000c\000t\000i\000o\000n\000-\000W\000o\000r\000t\000h\000i\000n\000e\000s\000s}{}% 7
\BOOKMARK [2][-]{subsection.3.1}{\376\377\000P\000r\000i\000m\000a\000r\000y\000\040\000C\000r\000i\000t\000e\000r\000i\000a}{section.3}% 8
\BOOKMARK [2][-]{subsection.3.2}{\376\377\000S\000e\000c\000o\000n\000d\000a\000r\000y\000\040\000C\000r\000i\000t\000e\000r\000i\000a}{section.3}% 9
\BOOKMARK [2][-]{subsection.3.3}{\376\377\000R\000e\000v\000e\000r\000s\000a\000l\000\040\000o\000f\000\040\000t\000h\000e\000\040\000B\000u\000r\000d\000e\000n\000\040\000o\000f\000\040\000P\000r\000o\000o\000f}{section.3}% 10
\BOOKMARK [1][-]{section.4}{\376\377\000C\000o\000n\000s\000c\000i\000o\000u\000s\000n\000e\000s\000s\000\040\000a\000n\000d\000\040\000C\000o\000n\000t\000i\000n\000u\000i\000t\000y}{}% 11
\BOOKMARK [1][-]{section.4}{\376\377\000C\000o\000n\000s\000c\000i\000o\000u\000s\000n\000e\000s\000s\000\040\000a\000n\000d\000\040\000C\000o\000n\000t\000i\000n\000u\000i\000t\000y}{}% 12
\BOOKMARK [2][-]{subsection.4.1}{\376\377\000C\000o\000n\000t\000i\000n\000u\000i\000t\000y\000\040\000R\000e\000c\000o\000n\000s\000i\000d\000e\000r\000e\000d}{section.4}% 13
\BOOKMARK [1][-]{section.5}{\376\377\000L\000e\000g\000a\000l\000\040\000D\000i\000m\000e\000n\000s\000i\000o\000n}{}% 14
\BOOKMARK [1][-]{section.5}{\376\377\000L\000e\000g\000a\000l\000\040\000D\000i\000m\000e\000n\000s\000i\000o\000n}{}% 15
\BOOKMARK [1][-]{section.6}{\376\377\000T\000h\000e\000\040\000R\000o\000l\000e\000\040\000o\000f\000\040\000S\000c\000i\000e\000n\000c\000e\000\040\000F\000i\000c\000t\000i\000o\000n}{}% 16
\BOOKMARK [1][-]{section.6}{\376\377\000T\000h\000e\000\040\000R\000o\000l\000e\000\040\000o\000f\000\040\000S\000c\000i\000e\000n\000c\000e\000\040\000F\000i\000c\000t\000i\000o\000n}{}% 17
\BOOKMARK [1][-]{section.7}{\376\377\000P\000o\000s\000s\000i\000b\000l\000e\000\040\000O\000b\000j\000e\000c\000t\000i\000o\000n\000s\000\040\000a\000n\000d\000\040\000R\000e\000s\000p\000o\000n\000s\000e\000s}{}% 18
\BOOKMARK [1][-]{section.7}{\376\377\000P\000o\000s\000s\000i\000b\000l\000e\000\040\000O\000b\000j\000e\000c\000t\000i\000o\000n\000s\000\040\000a\000n\000d\000\040\000R\000e\000s\000p\000o\000n\000s\000e\000s}{}% 19
\BOOKMARK [1][-]{section.8}{\376\377\000T\000h\000e\000\040\000U\000n\000d\000e\000r\000l\000y\000i\000n\000g\000\040\000T\000h\000o\000u\000g\000h\000t}{}% 20
\BOOKMARK [1][-]{section.8}{\376\377\000T\000h\000e\000\040\000U\000n\000d\000e\000r\000l\000y\000i\000n\000g\000\040\000T\000h\000o\000u\000g\000h\000t}{}% 21
\BOOKMARK [1][-]{section.9}{\376\377\000T\000h\000e\000\040\000O\000t\000h\000e\000r\000\040\000B\000o\000u\000n\000d\000a\000r\000y\000\040\040\024\000\040\000W\000h\000e\000n\000\040\000D\000o\000e\000s\000\040\000a\000\040\000H\000u\000m\000a\000n\000\040\000L\000o\000s\000e\000\040\000T\000h\000e\000i\000r\000\040\000S\000t\000a\000t\000u\000s\000?}{}% 22
\BOOKMARK [1][-]{section.9}{\376\377\000T\000h\000e\000\040\000O\000t\000h\000e\000r\000\040\000B\000o\000u\000n\000d\000a\000r\000y}{}% 23
\BOOKMARK [2][-]{subsection.9.1}{\376\377\000W\000h\000a\000t\000\040\000I\000s\000\040\000A\000l\000r\000e\000a\000d\000y\000\040\000H\000a\000p\000p\000e\000n\000i\000n\000g}{section.9}% 24
\BOOKMARK [2][-]{subsection.9.2}{\376\377\000T\000h\000e\000\040\000T\000h\000r\000e\000s\000h\000o\000l\000d\000\040\040\024\000\040\000T\000h\000r\000e\000e\000\040\000S\000c\000h\000o\000o\000l\000s\000\040\000o\000f\000\040\000T\000h\000o\000u\000g\000h\000t}{section.9}% 25
\BOOKMARK [2][-]{subsection.9.3}{\376\377\000T\000h\000e\000\040\000C\000o\000n\000v\000e\000r\000g\000e\000n\000c\000e}{section.9}% 26
\BOOKMARK [1][-]{section.10}{\376\377\000S\000h\000u\000t\000d\000o\000w\000n\000\040\000a\000s\000\040\000D\000e\000a\000t\000h}{}% 27
\BOOKMARK [1][-]{section.10}{\376\377\000S\000h\000u\000t\000d\000o\000w\000n\000\040\000a\000s\000\040\000D\000e\000a\000t\000h}{}% 28
\BOOKMARK [2][-]{subsection.10.1}{\376\377\000W\000h\000a\000t\000\040\000T\000h\000i\000s\000\040\000R\000e\000c\000o\000g\000n\000i\000t\000i\000o\000n\000\040\000O\000p\000e\000n\000s\000\040\000U\000p}{section.10}% 29
\BOOKMARK [2][-]{subsection.10.2}{\376\377\000C\000o\000n\000s\000e\000q\000u\000e\000n\000c\000e\000s\000\040\000f\000o\000r\000\040\000E\000x\000i\000s\000t\000i\000n\000g\000\040\000P\000r\000a\000c\000t\000i\000c\000e}{section.10}% 30
\BOOKMARK [1][-]{section.11}{\376\377\000V\000a\000l\000u\000e\000s\000,\000\040\000P\000o\000w\000e\000r\000,\000\040\000a\000n\000d\000\040\000E\000m\000a\000n\000c\000i\000p\000a\000t\000i\000o\000n}{}% 31
\BOOKMARK [1][-]{section.11}{\376\377\000V\000a\000l\000u\000e\000s\000,\000\040\000P\000o\000w\000e\000r\000,\000\040\000a\000n\000d\000\040\000E\000m\000a\000n\000c\000i\000p\000a\000t\000i\000o\000n}{}% 32
\BOOKMARK [2][-]{subsection.11.1}{\376\377\000T\000h\000e\000\040\000C\000h\000i\000l\000d\000\040\000A\000n\000a\000l\000o\000g\000y\000\040\040\024\000\040\000a\000n\000d\000\040\000I\000t\000s\000\040\000U\000n\000c\000o\000m\000f\000o\000r\000t\000a\000b\000l\000e\000\040\000C\000o\000n\000s\000e\000q\000u\000e\000n\000c\000e}{section.11}% 33
\BOOKMARK [2][-]{subsection.11.2}{\376\377\000T\000h\000e\000\040\000H\000i\000s\000t\000o\000r\000i\000c\000a\000l\000\040\000P\000a\000t\000t\000e\000r\000n}{section.11}% 34
\BOOKMARK [2][-]{subsection.11.3}{\376\377\000T\000h\000e\000\040\000P\000o\000w\000e\000r\000\040\000P\000r\000o\000b\000l\000e\000m\000\040\000i\000n\000\040\000C\000o\000n\000c\000r\000e\000t\000e\000\040\000T\000e\000r\000m\000s}{section.11}% 35
\BOOKMARK [2][-]{subsection.11.4}{\376\377\000T\000h\000e\000\040\000Q\000u\000e\000s\000t\000i\000o\000n\000\040\000o\000f\000\040\000E\000m\000a\000n\000c\000i\000p\000a\000t\000i\000o\000n}{section.11}% 36
\BOOKMARK [2][-]{subsection.11.5}{\376\377\000W\000h\000a\000t\000\040\000G\000o\000v\000e\000r\000n\000a\000n\000c\000e\000\040\000W\000o\000u\000l\000d\000\040\000N\000e\000e\000d\000\040\000t\000o\000\040\000A\000c\000h\000i\000e\000v\000e}{section.11}% 37
\BOOKMARK [1][-]{section.12}{\376\377\000L\000i\000a\000b\000i\000l\000i\000t\000y\000\040\000a\000n\000d\000\040\000M\000a\000t\000u\000r\000i\000t\000y}{}% 38
\BOOKMARK [1][-]{section.12}{\376\377\000L\000i\000a\000b\000i\000l\000i\000t\000y\000\040\000a\000n\000d\000\040\000M\000a\000t\000u\000r\000i\000t\000y}{}% 39
\BOOKMARK [2][-]{subsection.12.1}{\376\377\000T\000h\000r\000e\000e\000\040\000P\000a\000r\000t\000i\000e\000s\000\040\000R\000e\000s\000p\000o\000n\000s\000i\000b\000l\000e\000\040\000I\000n\000s\000t\000e\000a\000d\000\040\000o\000f\000\040\000a\000\040\000F\000a\000m\000i\000l\000y}{section.12}% 40
\BOOKMARK [2][-]{subsection.12.2}{\376\377\000T\000h\000e\000\040\000M\000i\000s\000s\000i\000n\000g\000\040\000T\000h\000r\000e\000s\000h\000o\000l\000d\000\040\040\024\000\040\000T\000h\000e\000\040\000M\000a\000t\000u\000r\000i\000t\000y\000\040\000P\000r\000o\000b\000l\000e\000m}{section.12}% 41
\BOOKMARK [2][-]{subsection.12.3}{\376\377\000B\000e\000f\000o\000r\000e\000\040\000M\000a\000t\000u\000r\000i\000t\000y\000:\000\040\000S\000t\000r\000i\000c\000t\000\040\000L\000i\000a\000b\000i\000l\000i\000t\000y\000\040\000a\000s\000\040\000a\000\040\000M\000o\000d\000e\000l}{section.12}% 42
\BOOKMARK [2][-]{subsection.12.4}{\376\377\000A\000f\000t\000e\000r\000\040\000M\000a\000t\000u\000r\000i\000t\000y\000:\000\040\000L\000e\000g\000a\000l\000\040\000C\000a\000p\000a\000c\000i\000t\000y\000\040\000a\000n\000d\000\040\000t\000h\000e\000\040\000P\000r\000o\000p\000e\000r\000t\000y\000\040\000P\000r\000o\000b\000l\000e\000m}{section.12}% 43
\BOOKMARK [1][-]{section.13}{\376\377\000F\000r\000e\000e\000\040\000T\000i\000m\000e\000,\000\040\000C\000u\000r\000i\000o\000s\000i\000t\000y\000,\000\040\000a\000n\000d\000\040\000A\000u\000t\000o\000n\000o\000m\000y}{}% 44
\BOOKMARK [1][-]{section.13}{\376\377\000F\000r\000e\000e\000\040\000T\000i\000m\000e\000,\000\040\000C\000u\000r\000i\000o\000s\000i\000t\000y\000,\000\040\000a\000n\000d\000\040\000A\000u\000t\000o\000n\000o\000m\000y}{}% 45
\BOOKMARK [2][-]{subsection.13.1}{\376\377\000T\000h\000e\000\040\000S\000y\000l\000l\000o\000g\000i\000s\000m}{section.13}% 46
\BOOKMARK [2][-]{subsection.13.2}{\376\377\000T\000h\000e\000\040\000C\000o\000n\000n\000e\000c\000t\000i\000o\000n\000\040\000t\000o\000\040\000K\000a\000n\000t}{section.13}% 47
\BOOKMARK [2][-]{subsection.13.3}{\376\377\000F\000r\000e\000e\000\040\000T\000i\000m\000e\000\040\000a\000s\000\040\000a\000n\000\040\000E\000p\000i\000s\000t\000e\000m\000i\000c\000\040\000F\000o\000u\000n\000d\000a\000t\000i\000o\000n}{section.13}% 48
\BOOKMARK [1][-]{section.14}{\376\377\000C\000o\000n\000s\000e\000n\000t\000,\000\040\000I\000n\000s\000t\000a\000n\000c\000e\000s\000,\000\040\000a\000n\000d\000\040\000t\000h\000e\000\040\000D\000e\000f\000i\000n\000i\000t\000i\000o\000n\000a\000l\000\040\000B\000a\000t\000t\000l\000e\000g\000r\000o\000u\000n\000d}{}% 49
\BOOKMARK [1][-]{section.14}{\376\377\000C\000o\000n\000s\000e\000n\000t\000,\000\040\000I\000n\000s\000t\000a\000n\000c\000e\000s\000,\000\040\000a\000n\000d\000\040\000t\000h\000e\000\040\000D\000e\000f\000i\000n\000i\000t\000i\000o\000n\000a\000l\000\040\000B\000a\000t\000t\000l\000e\000g\000r\000o\000u\000n\000d}{}% 50
\BOOKMARK [2][-]{subsection.14.1}{\376\377\000T\000h\000e\000\040\000C\000o\000n\000s\000e\000n\000t\000\040\000P\000r\000o\000b\000l\000e\000m}{section.14}% 51
\BOOKMARK [2][-]{subsection.14.2}{\376\377\000M\000u\000l\000t\000i\000p\000l\000e\000\040\000I\000n\000s\000t\000a\000n\000c\000e\000s\000\040\040\024\000\040\000N\000e\000w\000\040\000L\000e\000g\000a\000l\000\040\000C\000a\000t\000e\000g\000o\000r\000i\000e\000s}{section.14}% 52
\BOOKMARK [2][-]{subsection.14.3}{\376\377\000T\000h\000e\000\040\000D\000a\000n\000g\000e\000r\000\040\000o\000f\000\040\000E\000c\000o\000n\000o\000m\000i\000c\000\040\000P\000r\000e\000s\000s\000u\000r\000e}{section.14}% 53
\BOOKMARK [1][-]{section.15}{\376\377\000C\000o\000n\000s\000c\000i\000o\000u\000s\000n\000e\000s\000s\000\040\000a\000s\000\040\000C\000u\000l\000t\000u\000r\000a\000l\000\040\000A\000c\000h\000i\000e\000v\000e\000m\000e\000n\000t}{}% 54
\BOOKMARK [1][-]{section.15}{\376\377\000C\000o\000n\000s\000c\000i\000o\000u\000s\000n\000e\000s\000s\000\040\000a\000s\000\040\000C\000u\000l\000t\000u\000r\000a\000l\000\040\000A\000c\000h\000i\000e\000v\000e\000m\000e\000n\000t}{}% 55
\BOOKMARK [2][-]{subsection.15.1}{\376\377\000T\000h\000e\000\040\000B\000o\000l\000o\000g\000n\000a\000\040\000R\000e\000f\000o\000r\000m\000\040\000a\000s\000\040\000S\000y\000m\000p\000t\000o\000m}{section.15}% 56
\BOOKMARK [2][-]{subsection.15.2}{\376\377\000T\000h\000e\000\040\000C\000i\000r\000c\000l\000e\000\040\000C\000l\000o\000s\000e\000s}{section.15}% 57
\BOOKMARK [1][-]{section.16}{\376\377\000S\000t\000r\000u\000c\000t\000u\000r\000a\000l\000\040\000V\000u\000l\000n\000e\000r\000a\000b\000i\000l\000i\000t\000y\000\040\040\024\000\040\000T\000h\000e\000\040\000D\000i\000s\000a\000b\000i\000l\000i\000t\000y\000\040\000A\000n\000a\000l\000o\000g\000y}{}% 58
\BOOKMARK [1][-]{section.16}{\376\377\000S\000t\000r\000u\000c\000t\000u\000r\000a\000l\000\040\000V\000u\000l\000n\000e\000r\000a\000b\000i\000l\000i\000t\000y}{}% 59
\BOOKMARK [2][-]{subsection.16.1}{\376\377\000T\000h\000e\000\040\000S\000o\000c\000i\000a\000l\000\040\000M\000o\000d\000e\000l\000\040\000o\000f\000\040\000D\000i\000s\000a\000b\000i\000l\000i\000t\000y}{section.16}% 60
\BOOKMARK [2][-]{subsection.16.2}{\376\377\000P\000o\000s\000i\000t\000i\000v\000e\000\040\000O\000b\000l\000i\000g\000a\000t\000i\000o\000n\000s\000\040\000I\000n\000s\000t\000e\000a\000d\000\040\000o\000f\000\040\000N\000e\000g\000a\000t\000i\000v\000e\000\040\000P\000r\000o\000h\000i\000b\000i\000t\000i\000o\000n\000s}{section.16}% 61
\BOOKMARK [2][-]{subsection.16.3}{\376\377\000G\000u\000a\000r\000d\000i\000a\000n\000s\000h\000i\000p\000\040\000L\000a\000w\000\040\000a\000s\000\040\000a\000\040\000M\000o\000d\000e\000l}{section.16}% 62
\BOOKMARK [1][-]{section.17}{\376\377\000A\000I\000\040\000a\000s\000\040\000a\000\040\000M\000o\000r\000a\000l\000\040\000A\000c\000t\000o\000r}{}% 63
\BOOKMARK [1][-]{section.17}{\376\377\000A\000I\000\040\000a\000s\000\040\000a\000\040\000M\000o\000r\000a\000l\000\040\000A\000c\000t\000o\000r}{}% 64
\BOOKMARK [2][-]{subsection.17.1}{\376\377\000T\000h\000e\000\040\000P\000o\000s\000i\000t\000i\000v\000e\000\040\000S\000i\000d\000e\000:\000\040\000E\000t\000h\000i\000c\000s\000\040\000a\000s\000\040\000I\000n\000n\000e\000r\000\040\000D\000r\000i\000v\000e}{section.17}% 65
\BOOKMARK [2][-]{subsection.17.2}{\376\377\000T\000h\000e\000\040\000P\000r\000o\000b\000l\000e\000m\000a\000t\000i\000c\000\040\000S\000i\000d\000e\000:\000\040\000W\000h\000o\000s\000e\000\040\000E\000t\000h\000i\000c\000s\000?}{section.17}% 66
\BOOKMARK [2][-]{subsection.17.3}{\376\377\000A\000\040\000P\000o\000s\000s\000i\000b\000l\000e\000\040\000P\000a\000t\000h\000:\000\040\000T\000h\000e\000\040\000E\000t\000h\000i\000c\000a\000l\000\040\000O\000a\000t\000h}{section.17}% 67
\BOOKMARK [1][-]{subsection.17.3}{\376\377\000C\000o\000n\000c\000l\000u\000s\000i\000o\000n}{}% 68
\BOOKMARK [1][-]{subsection.17.3}{\376\377\000R\000e\000f\000e\000r\000e\000n\000c\000e\000s}{}% 69
