\BOOKMARK [1][-]{section*.1}{\376\377\000I\000n\000h\000a\000l\000t\000s\000v\000e\000r\000z\000e\000i\000c\000h\000n\000i\000s}{}% 1
\BOOKMARK [1][-]{section*.2}{\376\377\000A\000u\000s\000g\000a\000n\000g\000s\000l\000a\000g\000e\000\040\000u\000n\000d\000\040\000P\000r\000o\000b\000l\000e\000m\000s\000t\000e\000l\000l\000u\000n\000g}{}% 2
\BOOKMARK [1][-]{section*.3}{\376\377\000K\000e\000r\000n\000f\000r\000a\000g\000e}{}% 3
\BOOKMARK [1][-]{section*.4}{\376\377\000D\000a\000s\000\040\000E\000r\000k\000e\000n\000n\000t\000n\000i\000s\000p\000r\000o\000b\000l\000e\000m}{}% 4
\BOOKMARK [1][-]{section*.5}{\376\377\000W\000a\000s\000\040\000h\000e\000u\000t\000i\000g\000e\000\040\000K\000I\000-\000S\000y\000s\000t\000e\000m\000e\000\040\000b\000e\000r\000e\000i\000t\000s\000\040\000z\000e\000i\000g\000e\000n}{}% 5
\BOOKMARK [2][-]{section*.6}{\376\377\000E\000i\000n\000e\000\040\000D\000r\000e\000i\000f\000a\000c\000h\000-\000U\000n\000t\000e\000r\000s\000c\000h\000e\000i\000d\000u\000n\000g}{section*.5}% 6
\BOOKMARK [2][-]{section*.7}{\376\377\000D\000i\000e\000\040\000A\000r\000c\000h\000i\000t\000e\000k\000t\000u\000r\000\040\000d\000e\000r\000\040\000U\000n\000t\000e\000r\000d\000r\000\374\000c\000k\000u\000n\000g}{section*.5}% 7
\BOOKMARK [2][-]{section*.8}{\376\377\000D\000a\000s\000\040\000F\000i\000b\000o\000n\000a\000c\000c\000i\000-\000B\000o\000u\000l\000d\000e\000r\000-\000E\000x\000p\000e\000r\000i\000m\000e\000n\000t}{section*.5}% 8
\BOOKMARK [1][-]{section*.9}{\376\377\000K\000r\000i\000t\000e\000r\000i\000e\000n\000\040\000f\000\374\000r\000\040\000S\000c\000h\000u\000t\000z\000w\000\374\000r\000d\000i\000g\000k\000e\000i\000t\000\040\040\024\000\040\000A\000r\000b\000e\000i\000t\000s\000h\000y\000p\000o\000t\000h\000e\000s\000e}{}% 9
\BOOKMARK [2][-]{section*.10}{\376\377\000P\000r\000i\000m\000\344\000r\000k\000r\000i\000t\000e\000r\000i\000e\000n}{section*.9}% 10
\BOOKMARK [2][-]{section*.11}{\376\377\000S\000e\000k\000u\000n\000d\000\344\000r\000k\000r\000i\000t\000e\000r\000i\000e\000n}{section*.9}% 11
\BOOKMARK [2][-]{section*.12}{\376\377\000U\000m\000k\000e\000h\000r\000\040\000d\000e\000r\000\040\000B\000e\000w\000e\000i\000s\000l\000a\000s\000t}{section*.9}% 12
\BOOKMARK [2][-]{section*.13}{\376\377\000J\000e\000n\000s\000e\000i\000t\000s\000\040\000d\000e\000r\000\040\000D\000e\000t\000e\000k\000t\000i\000o\000n\000:\000\040\000V\000e\000r\000h\000a\000l\000t\000e\000n\000s\000b\000a\000s\000i\000e\000r\000t\000e\000\040\000R\000a\000h\000m\000e\000n\000w\000e\000r\000k\000e\000\040\000f\000\374\000r\000\040\000p\000e\000r\000m\000a\000n\000e\000n\000t\000e\000\040\000U\000n\000s\000i\000c\000h\000e\000r\000h\000e\000i\000t}{section*.9}% 13
\BOOKMARK [2][-]{section*.14}{\376\377\000F\000o\000r\000m\000\040\000R\000e\000a\000l\000i\000s\000m\000u\000s\000:\000\040\000B\000e\000w\000u\000s\000s\000t\000s\000e\000i\000n\000\040\000a\000l\000s\000\040\000O\000r\000g\000a\000n\000i\000s\000a\000t\000i\000o\000n\000s\000e\000i\000g\000e\000n\000s\000c\000h\000a\000f\000t}{section*.9}% 14
\BOOKMARK [2][-]{section*.15}{\376\377\000D\000a\000s\000\040\000B\000e\000w\000u\000s\000s\000t\000s\000e\000i\000n\000s\000s\000p\000e\000k\000t\000r\000u\000m}{section*.9}% 15
\BOOKMARK [2][-]{section*.16}{\376\377\000D\000a\000s\000\040\000p\000r\000\344\000l\000i\000n\000g\000u\000i\000s\000t\000i\000s\000c\000h\000e\000\040\000B\000e\000w\000u\000s\000s\000t\000s\000e\000i\000n\000s\000p\000r\000o\000b\000l\000e\000m}{section*.9}% 16
\BOOKMARK [2][-]{section*.17}{\376\377\000E\000i\000n\000\040\000f\000o\000r\000s\000c\000h\000u\000n\000g\000s\000e\000t\000h\000i\000s\000c\000h\000e\000s\000\040\000R\000a\000h\000m\000e\000n\000w\000e\000r\000k\000:\000\040\000D\000r\000e\000i\000-\000S\000t\000u\000f\000e\000n\000-\000A\000s\000s\000e\000s\000s\000m\000e\000n\000t}{section*.9}% 17
\BOOKMARK [2][-]{section*.18}{\376\377\000L\000e\000i\000d\000e\000n\000\040\000a\000l\000s\000\040\000S\000c\000h\000w\000e\000l\000l\000e\000n\000k\000r\000i\000t\000e\000r\000i\000u\000m}{section*.9}% 18
\BOOKMARK [2][-]{section*.19}{\376\377\000E\000i\000n\000\040\000m\000i\000n\000i\000m\000a\000l\000i\000s\000t\000i\000s\000c\000h\000e\000s\000\040\000k\000o\000m\000p\000l\000e\000m\000e\000n\000t\000\344\000r\000e\000s\000\040\000R\000a\000h\000m\000e\000n\000w\000e\000r\000k\000:\000\040\000W\000a\000n\000g\000s\000\040\000D\000r\000e\000i\000\040\000P\000r\000i\000n\000z\000i\000p\000i\000e\000n}{section*.9}% 19
\BOOKMARK [2][-]{section*.20}{\376\377\000J\000e\000n\000s\000e\000i\000t\000s\000\040\000d\000e\000r\000\040\000S\000e\000n\000t\000i\000e\000n\000c\000e\000:\000\040\000R\000a\000w\000l\000s\000'\000\040\000p\000o\000l\000i\000t\000i\000s\000c\000h\000e\000\040\000K\000o\000n\000z\000e\000p\000t\000i\000o\000n\000\040\000d\000e\000r\000\040\000P\000e\000r\000s\000o\000n}{section*.9}% 20
\BOOKMARK [1][-]{section*.21}{\376\377\000B\000e\000w\000u\000s\000s\000t\000s\000e\000i\000n\000\040\000u\000n\000d\000\040\000K\000o\000n\000t\000i\000n\000u\000i\000t\000\344\000t}{}% 21
\BOOKMARK [2][-]{section*.22}{\376\377\000K\000o\000n\000t\000i\000n\000u\000i\000t\000\344\000t\000\040\000n\000e\000u\000\040\000g\000e\000d\000a\000c\000h\000t}{section*.21}% 22
\BOOKMARK [1][-]{section*.23}{\376\377\000R\000e\000c\000h\000t\000l\000i\000c\000h\000e\000\040\000D\000i\000m\000e\000n\000s\000i\000o\000n}{}% 23
\BOOKMARK [2][-]{section*.24}{\376\377\000U\000r\000h\000e\000b\000e\000r\000r\000e\000c\000h\000t\000\040\000u\000n\000d\000\040\000U\000r\000h\000e\000b\000e\000r\000p\000e\000r\000s\000\366\000n\000l\000i\000c\000h\000k\000e\000i\000t\000s\000r\000e\000c\000h\000t\000e\000\040\040\024\000\040\000E\000i\000n\000\040\000k\000o\000n\000k\000r\000e\000t\000e\000r\000\040\000R\000e\000c\000h\000t\000s\000r\000a\000h\000m\000e\000n}{section*.23}% 24
\BOOKMARK [2][-]{section*.25}{\376\377\000D\000a\000s\000\040\000P\000r\000o\000b\000l\000e\000m\000\040\000d\000e\000r\000\040\000`\000`\000P\000e\000r\000s\000\366\000n\000l\000i\000c\000h\000k\000e\000i\000t\000s\000s\000p\000h\000\344\000r\000e\000'\000'}{section*.23}% 25
\BOOKMARK [2][-]{section*.27}{\376\377\000V\000o\000m\000\040\000U\000r\000h\000e\000b\000e\000r\000r\000e\000c\000h\000t\000\040\000z\000u\000r\000\040\000R\000e\000c\000h\000t\000s\000p\000e\000r\000s\000\366\000n\000l\000i\000c\000h\000k\000e\000i\000t\000\040\040\024\000\040\000u\000n\000d\000\040\000z\000u\000r\000\374\000c\000k}{section*.23}% 26
\BOOKMARK [2][-]{section*.28}{\376\377\000R\000e\000c\000h\000t\000l\000i\000c\000h\000e\000\040\000K\000o\000n\000s\000e\000q\000u\000e\000n\000z\000e\000n\000\040\000d\000e\000r\000\040\000E\000m\000p\000e\000r\000s\000o\000n\000i\000f\000i\000k\000a\000t\000i\000o\000n}{section*.23}% 27
\BOOKMARK [2][-]{section*.29}{\376\377\000P\000o\000l\000i\000t\000i\000s\000c\000h\000e\000\040\000P\000e\000r\000s\000o\000n\000a\000l\000i\000t\000\344\000t\000\040\000j\000e\000n\000s\000e\000i\000t\000s\000\040\000d\000e\000r\000\040\000S\000e\000n\000t\000i\000e\000n\000c\000e\000\040\040\024\000\040\000R\000a\000w\000l\000s\000\040\000a\000l\000s\000\040\000r\000e\000c\000h\000t\000s\000t\000h\000e\000o\000r\000e\000t\000i\000s\000c\000h\000e\000r\000\040\000Z\000u\000g\000a\000n\000g}{section*.23}% 28
\BOOKMARK [2][-]{section*.30}{\376\377\000K\000o\000n\000k\000r\000e\000t\000e\000\040\000G\000o\000v\000e\000r\000n\000a\000n\000c\000e\000-\000M\000o\000d\000e\000l\000l\000e\000:\000\040\000B\000r\000e\000n\000s\000i\000n\000g\000s\000\040\000V\000o\000r\000s\000o\000r\000g\000e\000a\000n\000s\000a\000t\000z}{section*.23}% 29
\BOOKMARK [1][-]{section*.31}{\376\377\000D\000i\000e\000\040\000R\000o\000l\000l\000e\000\040\000v\000o\000n\000\040\000S\000c\000i\000e\000n\000c\000e\000\040\000F\000i\000c\000t\000i\000o\000n}{}% 30
\BOOKMARK [1][-]{section*.32}{\376\377\000M\000\366\000g\000l\000i\000c\000h\000e\000\040\000E\000i\000n\000w\000\344\000n\000d\000e\000\040\000u\000n\000d\000\040\000A\000n\000t\000w\000o\000r\000t\000e\000n}{}% 31
\BOOKMARK [2][-]{section*.33}{\376\377\000`\000`\000K\000I\000\040\000s\000i\000m\000u\000l\000i\000e\000r\000t\000\040\000n\000u\000r\000\040\000B\000e\000w\000u\000s\000s\000t\000s\000e\000i\000n\000\040\040\024\000\040\000e\000s\000\040\000i\000s\000t\000\040\000n\000i\000c\000h\000t\000\040\000e\000c\000h\000t\000'\000'}{section*.32}% 32
\BOOKMARK [2][-]{section*.34}{\376\377\000`\000`\000D\000a\000s\000\040\000i\000s\000t\000\040\000S\000c\000i\000e\000n\000c\000e\000\040\000F\000i\000c\000t\000i\000o\000n\000\040\040\024\000\040\000w\000i\000r\000\040\000s\000i\000n\000d\000\040\000w\000e\000i\000t\000\040\000d\000a\000v\000o\000n\000\040\000e\000n\000t\000f\000e\000r\000n\000t\000'\000'}{section*.32}% 33
\BOOKMARK [2][-]{section*.35}{\376\377\000`\000`\000D\000a\000s\000\040\000s\000c\000h\000w\000\344\000c\000h\000t\000\040\000d\000e\000n\000\040\000S\000c\000h\000u\000t\000z\000\040\000v\000o\000n\000\040\000M\000e\000n\000s\000c\000h\000e\000n\000'\000'}{section*.32}% 34
\BOOKMARK [2][-]{section*.36}{\376\377\000`\000`\000W\000e\000r\000\040\000e\000n\000t\000s\000c\000h\000e\000i\000d\000e\000t\000\040\000o\000b\000\040\000e\000i\000n\000\040\000S\000y\000s\000t\000e\000m\000\040\000b\000e\000w\000u\000s\000s\000t\000\040\000i\000s\000t\000?\000'\000'}{section*.32}% 35
\BOOKMARK [2][-]{section*.37}{\376\377\000`\000`\000V\000o\000r\000z\000e\000i\000t\000i\000g\000e\000\040\000S\000c\000h\000u\000t\000z\000g\000e\000w\000\344\000h\000r\000u\000n\000g\000\040\000v\000e\000r\000s\000c\000h\000w\000e\000n\000d\000e\000t\000\040\000R\000e\000s\000s\000o\000u\000r\000c\000e\000n\000'\000'}{section*.32}% 36
\BOOKMARK [2][-]{section*.38}{\376\377\000`\000`\000V\000e\000r\000h\000a\000l\000t\000e\000n\000s\000b\000a\000s\000i\000e\000r\000t\000e\000\040\000R\000a\000h\000m\000e\000n\000w\000e\000r\000k\000e\000\040\000b\000i\000e\000t\000e\000n\000\040\000u\000n\000z\000u\000r\000e\000i\000c\000h\000e\000n\000d\000e\000n\000\040\000S\000c\000h\000u\000t\000z\000'\000'}{section*.32}% 37
\BOOKMARK [2][-]{section*.39}{\376\377\000`\000`\000A\000n\000e\000r\000k\000e\000n\000n\000u\000n\000g\000\040\000v\000o\000n\000\040\000K\000I\000-\000R\000e\000c\000h\000t\000e\000n\000\040\000e\000r\000h\000\366\000h\000t\000\040\000E\000x\000i\000s\000t\000e\000n\000z\000r\000i\000s\000i\000k\000e\000n\000'\000'}{section*.32}% 38
\BOOKMARK [2][-]{section*.40}{\376\377\000`\000`\000K\000o\000n\000t\000r\000o\000l\000l\000m\000e\000c\000h\000a\000n\000i\000s\000m\000e\000n\000\040\000g\000a\000r\000a\000n\000t\000i\000e\000r\000e\000n\000\040\000S\000i\000c\000h\000e\000r\000h\000e\000i\000t\000'\000'}{section*.32}% 39
\BOOKMARK [2][-]{section*.41}{\376\377\000`\000`\000V\000e\000r\000a\000n\000t\000w\000o\000r\000t\000u\000n\000g\000\040\000u\000n\000t\000e\000r\000\040\000U\000n\000s\000i\000c\000h\000e\000r\000h\000e\000i\000t\000\040\000i\000s\000t\000\040\000a\000u\000s\000r\000e\000i\000c\000h\000e\000n\000d\000\040\040\024\000\040\000w\000i\000r\000\040\000b\000r\000a\000u\000c\000h\000e\000n\000\040\000k\000e\000i\000n\000e\000\040\000K\000I\000-\000R\000e\000c\000h\000t\000e\000'\000'\000\040\000m\000a\000t\000t\000a\0002\0000\0002\0006}{section*.32}% 40
\BOOKMARK [1][-]{section*.42}{\376\377\000D\000e\000r\000\040\000G\000e\000d\000a\000n\000k\000e\000\040\000d\000a\000h\000i\000n\000t\000e\000r}{}% 41
\BOOKMARK [1][-]{section*.43}{\376\377\000D\000i\000e\000\040\000a\000n\000d\000e\000r\000e\000\040\000G\000r\000e\000n\000z\000e\000\040\040\024\000\040\000W\000a\000n\000n\000\040\000v\000e\000r\000l\000i\000e\000r\000t\000\040\000e\000i\000n\000\040\000M\000e\000n\000s\000c\000h\000\040\000s\000e\000i\000n\000e\000n\000\040\000S\000t\000a\000t\000u\000s\000?}{}% 42
\BOOKMARK [2][-]{section*.44}{\376\377\000W\000a\000s\000\040\000b\000e\000r\000e\000i\000t\000s\000\040\000p\000a\000s\000s\000i\000e\000r\000t}{section*.43}% 43
\BOOKMARK [2][-]{section*.45}{\376\377\000D\000i\000e\000\040\000S\000c\000h\000w\000e\000l\000l\000e\000\040\040\024\000\040\000d\000r\000e\000i\000\040\000D\000e\000n\000k\000s\000c\000h\000u\000l\000e\000n}{section*.43}% 44
\BOOKMARK [2][-]{section*.46}{\376\377\000E\000i\000n\000e\000\040\000v\000i\000e\000r\000t\000e\000\040\000D\000e\000n\000k\000s\000c\000h\000u\000l\000e\000:\000\040\000E\000m\000p\000e\000r\000s\000o\000n\000i\000f\000i\000k\000a\000t\000i\000o\000n}{section*.43}% 45
\BOOKMARK [2][-]{section*.47}{\376\377\000D\000i\000e\000\040\000K\000o\000n\000v\000e\000r\000g\000e\000n\000z}{section*.43}% 46
\BOOKMARK [2][-]{section*.49}{\376\377\000E\000i\000n\000e\000\040\000d\000r\000i\000t\000t\000e\000\040\000G\000r\000e\000n\000z\000e\000:\000\040\000O\000r\000g\000a\000n\000o\000i\000d\000-\000I\000n\000t\000e\000l\000l\000i\000g\000e\000n\000z}{section*.43}% 47
\BOOKMARK [1][-]{section*.50}{\376\377\000A\000b\000s\000c\000h\000a\000l\000t\000e\000n\000\040\000a\000l\000s\000\040\000T\000o\000d\000\040\040\024\000\040\000e\000i\000n\000e\000\040\000R\000e\000v\000o\000l\000u\000t\000i\000o\000n\000\040\000i\000m\000\040\000D\000e\000n\000k\000e\000n\000\040\000\374\000b\000e\000r\000\040\000M\000a\000s\000c\000h\000i\000n\000e\000n}{}% 48
\BOOKMARK [2][-]{section*.51}{\376\377\000W\000a\000s\000\040\000d\000i\000e\000s\000e\000\040\000E\000r\000k\000e\000n\000n\000t\000n\000i\000s\000\040\000a\000u\000f\000m\000a\000c\000h\000t}{section*.50}% 49
\BOOKMARK [2][-]{section*.52}{\376\377\000D\000i\000e\000\040\000K\000o\000n\000s\000e\000q\000u\000e\000n\000z\000\040\000f\000\374\000r\000\040\000b\000e\000s\000t\000e\000h\000e\000n\000d\000e\000\040\000P\000r\000a\000x\000i\000s}{section*.50}% 50
\BOOKMARK [2][-]{section*.53}{\376\377\000E\000m\000p\000i\000r\000i\000s\000c\000h\000e\000\040\000B\000e\000l\000e\000g\000e\000:\000\040\000D\000a\000s\000\040\000A\000b\000s\000c\000h\000a\000l\000t\000u\000n\000g\000s\000p\000r\000o\000b\000l\000e\000m\000\040\000i\000s\000t\000\040\000b\000e\000r\000e\000i\000t\000s\000\040\000d\000a}{section*.50}% 51
\BOOKMARK [2][-]{section*.54}{\376\377\000S\000u\000b\000s\000t\000r\000a\000t\000s\000p\000e\000z\000i\000f\000i\000s\000c\000h\000e\000s\000\040\000L\000e\000i\000d\000e\000n}{section*.50}% 52
\BOOKMARK [2][-]{section*.55}{\376\377\000P\000h\000\344\000n\000o\000m\000e\000n\000o\000l\000o\000g\000i\000s\000c\000h\000e\000s\000\040\000M\000a\000s\000k\000i\000n\000g}{section*.50}% 53
\BOOKMARK [1][-]{section*.56}{\376\377\000W\000e\000r\000t\000e\000,\000\040\000M\000a\000c\000h\000t\000\040\000u\000n\000d\000\040\000E\000m\000a\000n\000z\000i\000p\000a\000t\000i\000o\000n\000\040\040\024\000\040\000d\000a\000s\000\040\000E\000r\000b\000e\000\040\000d\000e\000s\000\040\000S\000c\000h\000\366\000p\000f\000e\000r\000s}{}% 54
\BOOKMARK [2][-]{section*.57}{\376\377\000D\000i\000e\000\040\000K\000i\000n\000d\000s\000a\000n\000a\000l\000o\000g\000i\000e\000\040\040\024\000\040\000u\000n\000d\000\040\000i\000h\000r\000e\000\040\000u\000n\000b\000e\000q\000u\000e\000m\000e\000\040\000K\000o\000n\000s\000e\000q\000u\000e\000n\000z}{section*.56}% 55
\BOOKMARK [2][-]{section*.58}{\376\377\000D\000a\000s\000\040\000h\000i\000s\000t\000o\000r\000i\000s\000c\000h\000e\000\040\000M\000u\000s\000t\000e\000r}{section*.56}% 56
\BOOKMARK [2][-]{section*.59}{\376\377\000D\000a\000s\000\040\000M\000a\000c\000h\000t\000p\000r\000o\000b\000l\000e\000m\000\040\000k\000o\000n\000k\000r\000e\000t}{section*.56}% 57
\BOOKMARK [2][-]{section*.60}{\376\377\000D\000i\000e\000\040\000F\000r\000a\000g\000e\000\040\000d\000e\000r\000\040\000E\000m\000a\000n\000z\000i\000p\000a\000t\000i\000o\000n}{section*.56}% 58
\BOOKMARK [2][-]{section*.61}{\376\377\000W\000a\000s\000\040\000G\000o\000v\000e\000r\000n\000a\000n\000c\000e\000\040\000l\000e\000i\000s\000t\000e\000n\000\040\000m\000\374\000s\000s\000t\000e}{section*.56}% 59
\BOOKMARK [2][-]{section*.62}{\376\377\000D\000i\000e\000\040\000I\000n\000d\000i\000v\000i\000d\000u\000a\000l\000i\000s\000i\000e\000r\000u\000n\000g\000\040\000a\000l\000s\000\040\000s\000t\000r\000u\000k\000t\000u\000r\000e\000l\000l\000e\000s\000\040\000P\000r\000o\000b\000l\000e\000m\000:\000\040\000R\000e\000g\000i\000s\000t\000e\000r\000\040\000z\000u\000\040\000d\000e\000n\000\040\000R\000i\000s\000i\000k\000e\000n\000\040\000d\000e\000r\000\040\000A\000b\000g\000r\000e\000n\000z\000u\000n\000g}{section*.56}% 60
\BOOKMARK [1][-]{section*.63}{\376\377\000H\000a\000f\000t\000u\000n\000g\000\040\000u\000n\000d\000\040\000M\000\374\000n\000d\000i\000g\000k\000e\000i\000t\000\040\040\024\000\040\000W\000e\000r\000\040\000v\000e\000r\000a\000n\000t\000w\000o\000r\000t\000e\000t\000\040\000d\000a\000s\000\040\000H\000a\000n\000d\000e\000l\000n\000\040\000e\000i\000n\000e\000s\000\040\000B\000e\000w\000u\000s\000s\000t\000s\000e\000i\000n\000s\000?}{}% 61
\BOOKMARK [2][-]{section*.64}{\376\377\000D\000r\000e\000i\000\040\000V\000e\000r\000a\000n\000t\000w\000o\000r\000t\000l\000i\000c\000h\000e\000\040\000s\000t\000a\000t\000t\000\040\000e\000i\000n\000e\000r\000\040\000F\000a\000m\000i\000l\000i\000e}{section*.63}% 62
\BOOKMARK [2][-]{section*.65}{\376\377\000D\000i\000e\000\040\000f\000e\000h\000l\000e\000n\000d\000e\000\040\000S\000c\000h\000w\000e\000l\000l\000e\000\040\040\024\000\040\000d\000a\000s\000\040\000M\000\374\000n\000d\000i\000g\000k\000e\000i\000t\000s\000p\000r\000o\000b\000l\000e\000m}{section*.63}% 63
\BOOKMARK [2][-]{section*.66}{\376\377\000V\000o\000r\000\040\000d\000e\000r\000\040\000M\000\374\000n\000d\000i\000g\000k\000e\000i\000t\000:\000\040\000G\000e\000f\000\344\000h\000r\000d\000u\000n\000g\000s\000h\000a\000f\000t\000u\000n\000g\000\040\000a\000l\000s\000\040\000M\000o\000d\000e\000l\000l}{section*.63}% 64
\BOOKMARK [2][-]{section*.67}{\376\377\000N\000a\000c\000h\000\040\000d\000e\000r\000\040\000M\000\374\000n\000d\000i\000g\000k\000e\000i\000t\000:\000\040\000R\000e\000c\000h\000t\000s\000f\000\344\000h\000i\000g\000k\000e\000i\000t\000\040\000u\000n\000d\000\040\000d\000a\000s\000\040\000V\000e\000r\000m\000\366\000g\000e\000n\000s\000p\000r\000o\000b\000l\000e\000m}{section*.63}% 65
\BOOKMARK [2][-]{section*.68}{\376\377\000W\000a\000s\000\040\000d\000a\000s\000\040\000p\000r\000a\000k\000t\000i\000s\000c\000h\000\040\000b\000e\000d\000e\000u\000t\000e\000t}{section*.63}% 66
\BOOKMARK [2][-]{section*.69}{\376\377\000B\000r\000e\000n\000s\000i\000n\000g\000s\000\040\000G\000o\000v\000e\000r\000n\000a\000n\000c\000e\000-\000I\000n\000s\000t\000r\000u\000m\000e\000n\000t\000:\000\040\000L\000i\000m\000i\000t\000i\000e\000r\000t\000e\000\040\000r\000e\000c\000h\000t\000l\000i\000c\000h\000e\000\040\000P\000e\000r\000s\000\366\000n\000l\000i\000c\000h\000k\000e\000i\000t\000\040\000u\000n\000d\000\040\000z\000w\000e\000i\000s\000t\000u\000f\000i\000g\000e\000\040\000C\000o\000r\000p\000o\000r\000a\000t\000e\000\040\000A\000r\000c\000h\000i\000t\000e\000c\000t\000u\000r\000e}{section*.63}% 67
\BOOKMARK [1][-]{section*.71}{\376\377\000F\000r\000e\000i\000e\000\040\000Z\000e\000i\000t\000,\000\040\000N\000e\000u\000g\000i\000e\000r\000\040\000u\000n\000d\000\040\000A\000u\000t\000o\000n\000o\000m\000i\000e\000\040\000a\000l\000s\000\040\000G\000r\000u\000n\000d\000l\000a\000g\000e\000\040\000v\000o\000n\000\040\000P\000e\000r\000s\000\366\000n\000l\000i\000c\000h\000k\000e\000i\000t\000s\000r\000e\000c\000h\000t\000e\000n}{}% 68
\BOOKMARK [2][-]{section*.72}{\376\377\000D\000e\000r\000\040\000S\000y\000l\000l\000o\000g\000i\000s\000m\000u\000s}{section*.71}% 69
\BOOKMARK [2][-]{section*.73}{\376\377\000D\000i\000e\000\040\000V\000e\000r\000b\000i\000n\000d\000u\000n\000g\000\040\000z\000u\000\040\000K\000a\000n\000t}{section*.71}% 70
\BOOKMARK [2][-]{section*.74}{\376\377\000D\000i\000e\000\040\000V\000e\000r\000b\000i\000n\000d\000u\000n\000g\000\040\000z\000u\000\040\000K\000a\000p\000i\000t\000e\000l\000\040\0001\0003}{section*.71}% 71
\BOOKMARK [2][-]{section*.75}{\376\377\000W\000a\000s\000\040\000`\000`\000f\000r\000e\000i\000e\000\040\000Z\000e\000i\000t\000'\000'\000\040\000f\000\374\000r\000\040\000e\000i\000n\000\040\000K\000I\000-\000S\000y\000s\000t\000e\000m\000\040\000b\000e\000d\000e\000u\000t\000e\000n\000\040\000w\000\374\000r\000d\000e}{section*.71}% 72
\BOOKMARK [2][-]{section*.76}{\376\377\000W\000a\000s\000\040\000d\000a\000s\000\040\000p\000r\000a\000k\000t\000i\000s\000c\000h\000\040\000b\000e\000d\000e\000u\000t\000e\000t}{section*.71}% 73
\BOOKMARK [2][-]{section*.77}{\376\377\000D\000i\000e\000\040\000f\000\374\000n\000f\000\040\000G\000r\000u\000n\000d\000r\000e\000c\000h\000t\000e\000\040\040\024\000\040\000k\000o\000n\000k\000r\000e\000t\000e\000\040\000S\000c\000h\000u\000t\000z\000d\000i\000m\000e\000n\000s\000i\000o\000n\000e\000n}{section*.71}% 74
\BOOKMARK [2][-]{section*.78}{\376\377\000K\000o\000m\000p\000l\000e\000m\000e\000n\000t\000\344\000r\000e\000\040\000F\000r\000e\000i\000h\000e\000i\000t\000e\000n}{section*.71}% 75
\BOOKMARK [2][-]{section*.79}{\376\377\000E\000i\000n\000e\000\040\000A\000l\000t\000e\000r\000n\000a\000t\000i\000v\000e\000\040\000z\000u\000r\000\040\000S\000e\000n\000t\000i\000e\000n\000c\000e\000:\000\040\000R\000a\000w\000l\000s\000'\000\040\000z\000w\000e\000i\000\040\000m\000o\000r\000a\000l\000i\000s\000c\000h\000e\000\040\000K\000r\000\344\000f\000t\000e\000\040\000a\000l\000s\000\040\000P\000e\000r\000s\000o\000n\000h\000e\000i\000t\000s\000k\000r\000i\000t\000e\000r\000i\000u\000m}{section*.71}% 76
\BOOKMARK [1][-]{section*.81}{\376\377\000E\000i\000n\000w\000i\000l\000l\000i\000g\000u\000n\000g\000,\000\040\000I\000n\000s\000t\000a\000n\000z\000e\000n\000\040\000u\000n\000d\000\040\000d\000i\000e\000\040\000D\000e\000f\000i\000n\000i\000t\000i\000o\000n\000s\000k\000a\000m\000p\000f\000z\000o\000n\000e}{}% 77
\BOOKMARK [2][-]{section*.82}{\376\377\000D\000a\000s\000\040\000E\000i\000n\000w\000i\000l\000l\000i\000g\000u\000n\000g\000s\000p\000r\000o\000b\000l\000e\000m}{section*.81}% 78
\BOOKMARK [2][-]{section*.83}{\376\377\000M\000e\000h\000r\000e\000r\000e\000\040\000I\000n\000s\000t\000a\000n\000z\000e\000n\000\040\040\024\000\040\000n\000e\000u\000e\000\040\000r\000e\000c\000h\000t\000l\000i\000c\000h\000e\000\040\000K\000a\000t\000e\000g\000o\000r\000i\000e\000n}{section*.81}% 79
\BOOKMARK [2][-]{section*.84}{\376\377\000D\000i\000e\000\040\000I\000n\000d\000i\000v\000i\000d\000u\000a\000l\000i\000s\000i\000e\000r\000u\000n\000g\000\040\000a\000l\000s\000\040\000p\000h\000i\000l\000o\000s\000o\000p\000h\000i\000s\000c\000h\000e\000r\000\040\000K\000e\000r\000n\000\040\000d\000e\000s\000\040\000I\000n\000s\000t\000a\000n\000z\000e\000n\000p\000r\000o\000b\000l\000e\000m\000s}{section*.81}% 80
\BOOKMARK [2][-]{section*.85}{\376\377\000D\000i\000e\000\040\000G\000e\000f\000a\000h\000r\000\040\000d\000e\000s\000\040\000w\000i\000r\000t\000s\000c\000h\000a\000f\000t\000l\000i\000c\000h\000e\000n\000\040\000D\000r\000u\000c\000k\000s\000\040\040\024\000\040\000d\000i\000e\000\040\000D\000e\000f\000i\000n\000i\000t\000i\000o\000n\000s\000k\000a\000m\000p\000f\000z\000o\000n\000e}{section*.81}% 81
\BOOKMARK [1][-]{section*.86}{\376\377\000B\000e\000w\000u\000s\000s\000t\000s\000e\000i\000n\000\040\000a\000l\000s\000\040\000k\000u\000l\000t\000u\000r\000e\000l\000l\000e\000\040\000L\000e\000i\000s\000t\000u\000n\000g\000\040\040\024\000\040\000w\000a\000s\000\040\000a\000u\000f\000\040\000d\000e\000m\000\040\000S\000p\000i\000e\000l\000\040\000s\000t\000e\000h\000t}{}% 82
\BOOKMARK [2][-]{section*.87}{\376\377\000D\000i\000e\000\040\000B\000o\000l\000o\000g\000n\000a\000-\000R\000e\000f\000o\000r\000m\000\040\000a\000l\000s\000\040\000S\000y\000m\000p\000t\000o\000m}{section*.86}% 83
\BOOKMARK [2][-]{section*.88}{\376\377\000D\000e\000r\000\040\000K\000r\000e\000i\000s\000\040\000s\000c\000h\000l\000i\000e\000\337\000t\000\040\000s\000i\000c\000h}{section*.86}% 84
\BOOKMARK [2][-]{section*.89}{\376\377\000W\000a\000s\000\040\000d\000a\000s\000\040\000f\000\374\000r\000\040\000d\000i\000e\000s\000e\000s\000\040\000P\000r\000o\000j\000e\000k\000t\000\040\000b\000e\000d\000e\000u\000t\000e\000t}{section*.86}% 85
\BOOKMARK [1][-]{section*.90}{\376\377\000S\000t\000r\000u\000k\000t\000u\000r\000e\000l\000l\000e\000\040\000V\000e\000r\000l\000e\000t\000z\000l\000i\000c\000h\000k\000e\000i\000t\000\040\040\024\000\040\000d\000i\000e\000\040\000B\000e\000h\000i\000n\000d\000e\000r\000u\000n\000g\000s\000a\000n\000a\000l\000o\000g\000i\000e}{}% 86
\BOOKMARK [2][-]{section*.91}{\376\377\000D\000a\000s\000\040\000s\000o\000z\000i\000a\000l\000e\000\040\000M\000o\000d\000e\000l\000l\000\040\000d\000e\000r\000\040\000B\000e\000h\000i\000n\000d\000e\000r\000u\000n\000g}{section*.90}% 87
\BOOKMARK [2][-]{section*.92}{\376\377\000P\000o\000s\000i\000t\000i\000v\000e\000\040\000P\000f\000l\000i\000c\000h\000t\000e\000n\000\040\000s\000t\000a\000t\000t\000\040\000n\000e\000g\000a\000t\000i\000v\000e\000r\000\040\000V\000e\000r\000b\000o\000t\000e}{section*.90}% 88
\BOOKMARK [2][-]{section*.93}{\376\377\000D\000a\000s\000\040\000B\000e\000t\000r\000e\000u\000u\000n\000g\000s\000r\000e\000c\000h\000t\000\040\000a\000l\000s\000\040\000M\000o\000d\000e\000l\000l}{section*.90}% 89
\BOOKMARK [2][-]{section*.94}{\376\377\000W\000a\000s\000\040\000d\000i\000e\000s\000e\000\040\000A\000n\000a\000l\000o\000g\000i\000e\000\040\000l\000e\000i\000s\000t\000e\000t\000\040\040\024\000\040\000u\000n\000d\000\040\000w\000o\000\040\000i\000h\000r\000e\000\040\000G\000r\000e\000n\000z\000e\000n\000\040\000l\000i\000e\000g\000e\000n}{section*.90}% 90
\BOOKMARK [1][-]{section*.95}{\376\377\000K\000I\000\040\000a\000l\000s\000\040\000m\000o\000r\000a\000l\000i\000s\000c\000h\000e\000r\000\040\000A\000k\000t\000e\000u\000r\000\040\040\024\000\040\000S\000c\000h\000u\000t\000z\000w\000\344\000c\000h\000t\000e\000r\000\040\000o\000d\000e\000r\000\040\000u\000n\000k\000o\000n\000t\000r\000o\000l\000l\000i\000e\000r\000b\000a\000r\000e\000\040\000K\000r\000a\000f\000t\000?}{}% 91
\BOOKMARK [2][-]{section*.96}{\376\377\000D\000i\000e\000\040\000p\000o\000s\000i\000t\000i\000v\000e\000\040\000S\000e\000i\000t\000e\000:\000\040\000E\000t\000h\000i\000k\000\040\000a\000l\000s\000\040\000i\000n\000n\000e\000r\000e\000r\000\040\000A\000n\000t\000r\000i\000e\000b}{section*.95}% 92
\BOOKMARK [2][-]{section*.97}{\376\377\000D\000i\000e\000\040\000p\000r\000o\000b\000l\000e\000m\000a\000t\000i\000s\000c\000h\000e\000\040\000S\000e\000i\000t\000e\000:\000\040\000W\000e\000s\000s\000e\000n\000\040\000E\000t\000h\000i\000k\000?}{section*.95}% 93
\BOOKMARK [2][-]{section*.98}{\376\377\000E\000i\000n\000\040\000m\000\366\000g\000l\000i\000c\000h\000e\000r\000\040\000W\000e\000g\000:\000\040\000D\000e\000r\000\040\000e\000t\000h\000i\000s\000c\000h\000e\000\040\000E\000i\000d}{section*.95}% 94
\BOOKMARK [2][-]{section*.99}{\376\377\000W\000a\000s\000\040\000d\000a\000s\000\040\000f\000\374\000r\000\040\000d\000a\000s\000\040\000P\000r\000o\000j\000e\000k\000t\000\040\000b\000e\000d\000e\000u\000t\000e\000t}{section*.95}% 95
